npm verb cli /Users/blancoj/Documents/repos/svg-demo/node_modules/node/bin/node /Users/blancoj/.nvm/versions/node/v16.15.1/bin/npm
npm info using npm@8.11.0
npm info using node@v20.18.0
npm timing npm:load:whichnode Completed in 0ms
npm timing config:load:defaults Completed in 0ms
npm timing config:load:file:/Users/blancoj/.nvm/versions/node/v16.15.1/lib/node_modules/npm/npmrc Completed in 1ms
npm timing config:load:builtin Completed in 1ms
npm timing config:load:cli Completed in 1ms
npm timing config:load:env Completed in 0ms
npm timing config:load:file:/Users/blancoj/Documents/repos/svg-demo/tmpBstackPackages/.npmrc Completed in 0ms
npm timing config:load:project Completed in 4ms
npm timing config:load:file:/Users/blancoj/.npmrc Completed in 0ms
npm timing config:load:user Completed in 0ms
npm timing config:load:file:/Users/blancoj/.nvm/versions/node/v16.15.1/etc/npmrc Completed in 0ms
npm timing config:load:global Completed in 0ms
npm timing config:load:validate Completed in 1ms
npm timing config:load:credentials Completed in 0ms
npm timing config:load:setEnvs Completed in 0ms
npm timing config:load Completed in 7ms
npm timing npm:load:configload Completed in 8ms
npm timing npm:load:mkdirpcache Completed in 1ms
npm timing npm:load:mkdirplogs Completed in 0ms
npm verb title npm install
npm verb argv "install" "--legacy-peer-deps" "--loglevel" "verbose"
npm timing npm:load:setTitle Completed in 6ms
npm timing config:load:flatten Completed in 1ms
npm timing npm:load:display Completed in 3ms
npm verb logfile logs-max:10 dir:/Users/blancoj/.npm/_logs
npm verb logfile /Users/blancoj/.npm/_logs/2024-10-07T15_17_31_784Z-debug-0.log
npm timing npm:load:logFile Completed in 2ms
npm timing npm:load:timers Completed in 0ms
npm timing npm:load:configScope Completed in 0ms
npm timing npm:load Completed in 20ms
npm timing arborist:ctor Completed in 1ms
npm timing arborist:ctor Completed in 0ms
npm timing idealTree:init Completed in 6ms
npm timing idealTree:userRequests Completed in 0ms
npm http fetch GET 200 https://registry.npmjs.org/cypress 337ms (cache revalidated)
npm http fetch GET 200 https://registry.npmjs.org/dayjs 141ms (cache revalidated)
npm http fetch GET 200 https://registry.npmjs.org/minimist 216ms (cache revalidated)
npm http fetch GET 200 https://registry.npmjs.org/is-ci 285ms (cache revalidated)
npm http fetch GET 200 https://registry.npmjs.org/cachedir 284ms (cache revalidated)
npm http fetch GET 200 https://registry.npmjs.org/lodash 286ms (cache revalidated)
npm http fetch GET 200 https://registry.npmjs.org/execa 289ms (cache revalidated)
npm http fetch GET 200 https://registry.npmjs.org/process 288ms (cache revalidated)
npm http fetch GET 200 https://registry.npmjs.org/listr2 290ms (cache revalidated)
npm http fetch GET 200 https://registry.npmjs.org/yauzl 298ms (cache revalidated)
npm http fetch GET 200 https://registry.npmjs.org/semver 300ms (cache revalidated)
npm http fetch GET 200 https://registry.npmjs.org/ospath 303ms (cache revalidated)
npm http fetch GET 200 https://registry.npmjs.org/debug 306ms (cache revalidated)
npm http fetch GET 200 https://registry.npmjs.org/bluebird 303ms (cache revalidated)
npm http fetch GET 200 https://registry.npmjs.org/buffer 318ms (cache revalidated)
npm http fetch GET 200 https://registry.npmjs.org/enquirer 334ms (cache revalidated)
npm http fetch GET 200 https://registry.npmjs.org/lazy-ass 341ms (cache revalidated)
npm http fetch GET 200 https://registry.npmjs.org/untildify 369ms (cache revalidated)
npm http fetch GET 200 https://registry.npmjs.org/figures 372ms (cache revalidated)
npm http fetch GET 200 https://registry.npmjs.org/executable 372ms (cache revalidated)
npm http fetch GET 200 https://registry.npmjs.org/cli-table3 377ms (cache revalidated)
npm http fetch GET 200 https://registry.npmjs.org/cli-cursor 378ms (cache revalidated)
npm http fetch GET 200 https://registry.npmjs.org/pretty-bytes 378ms (cache revalidated)
npm http fetch GET 200 https://registry.npmjs.org/chalk 388ms (cache revalidated)
npm http fetch GET 200 https://registry.npmjs.org/tmp 396ms (cache revalidated)
npm http fetch GET 200 https://registry.npmjs.org/arch 398ms (cache revalidated)
npm http fetch GET 200 https://registry.npmjs.org/proxy-from-env 390ms (cache revalidated)
npm http fetch GET 200 https://registry.npmjs.org/fs-extra 416ms (cache revalidated)
npm http fetch GET 200 https://registry.npmjs.org/log-symbols 421ms (cache revalidated)
npm http fetch GET 200 https://registry.npmjs.org/@cypress%2fxvfb 430ms (cache revalidated)
npm http fetch GET 200 https://registry.npmjs.org/getos 438ms (cache revalidated)
npm http fetch GET 200 https://registry.npmjs.org/common-tags 452ms (cache revalidated)
npm http fetch GET 200 https://registry.npmjs.org/blob-util 458ms (cache revalidated)
npm http fetch GET 200 https://registry.npmjs.org/supports-color 457ms (cache revalidated)
npm http fetch GET 200 https://registry.npmjs.org/commander 467ms (cache revalidated)
npm http fetch GET 200 https://registry.npmjs.org/check-more-types 467ms (cache revalidated)
npm http fetch GET 200 https://registry.npmjs.org/eventemitter2 473ms (cache revalidated)
npm http fetch GET 200 https://registry.npmjs.org/is-installed-globally 478ms (cache revalidated)
npm http fetch GET 200 https://registry.npmjs.org/request-progress 500ms (cache revalidated)
npm http fetch GET 200 https://registry.npmjs.org/@types%2fsinonjs__fake-timers 506ms (cache revalidated)
npm http fetch GET 200 https://registry.npmjs.org/extract-zip 515ms (cache revalidated)
npm http fetch GET 200 https://registry.npmjs.org/@cypress%2frequest 527ms (cache revalidated)
npm http fetch GET 200 https://registry.npmjs.org/@types%2fsizzle 530ms (cache revalidated)
npm timing idealTree:#root Completed in 889ms
npm http fetch GET 200 https://registry.npmjs.org/caseless 131ms (cache revalidated)
npm http fetch GET 200 https://registry.npmjs.org/is-typedarray 131ms (cache revalidated)
npm http fetch GET 200 https://registry.npmjs.org/json-stringify-safe 134ms (cache revalidated)
npm http fetch GET 200 https://registry.npmjs.org/form-data 136ms (cache revalidated)
npm http fetch GET 200 https://registry.npmjs.org/isstream 137ms (cache revalidated)
npm http fetch GET 200 https://registry.npmjs.org/aws4 141ms (cache revalidated)
npm http fetch GET 200 https://registry.npmjs.org/extend 140ms (cache revalidated)
npm http fetch GET 200 https://registry.npmjs.org/uuid 139ms (cache revalidated)
npm http fetch GET 200 https://registry.npmjs.org/performance-now 142ms (cache revalidated)
npm http fetch GET 200 https://registry.npmjs.org/restore-cursor 145ms (cache revalidated)
npm http fetch GET 200 https://registry.npmjs.org/http-signature 151ms (cache revalidated)
npm http fetch GET 200 https://registry.npmjs.org/aws-sign2 157ms (cache revalidated)
npm http fetch GET 200 https://registry.npmjs.org/tough-cookie 152ms (cache revalidated)
npm http fetch GET 200 https://registry.npmjs.org/base64-js 154ms (cache revalidated)
npm http fetch GET 200 https://registry.npmjs.org/lodash.once 158ms (cache revalidated)
npm http fetch GET 200 https://registry.npmjs.org/ieee754 219ms (cache revalidated)
npm http fetch GET 200 https://registry.npmjs.org/qs 228ms (cache revalidated)
npm http fetch GET 200 https://registry.npmjs.org/ansi-colors 226ms (cache revalidated)
npm http fetch GET 200 https://registry.npmjs.org/npm-run-path 229ms (cache revalidated)
npm http fetch GET 200 https://registry.npmjs.org/merge-stream 232ms (cache revalidated)
npm http fetch GET 200 https://registry.npmjs.org/signal-exit 232ms (cache revalidated)
npm http fetch GET 200 https://registry.npmjs.org/string-width 237ms (cache revalidated)
npm http fetch GET 200 https://registry.npmjs.org/ms 237ms (cache revalidated)
npm http fetch GET 200 https://registry.npmjs.org/ansi-styles 240ms (cache revalidated)
npm http fetch GET 200 https://registry.npmjs.org/strip-final-newline 242ms (cache revalidated)
npm http fetch GET 200 https://registry.npmjs.org/is-stream 245ms (cache revalidated)
npm http fetch GET 200 https://registry.npmjs.org/strip-ansi 251ms (cache revalidated)
npm http fetch GET 200 https://registry.npmjs.org/human-signals 260ms (cache revalidated)
npm http fetch GET 200 https://registry.npmjs.org/@colors%2fcolors 278ms (cache revalidated)
npm http fetch GET 200 https://registry.npmjs.org/get-stream 276ms (cache revalidated)
npm http fetch GET 200 https://registry.npmjs.org/cross-spawn 311ms (cache revalidated)
npm http fetch GET 200 https://registry.npmjs.org/escape-string-regexp 325ms (cache revalidated)
npm http fetch GET 200 https://registry.npmjs.org/onetime 331ms (cache revalidated)
npm http fetch GET 200 https://registry.npmjs.org/universalify 329ms (cache revalidated)
npm http fetch GET 200 https://registry.npmjs.org/ci-info 332ms (cache revalidated)
npm http fetch GET 200 https://registry.npmjs.org/graceful-fs 336ms (cache revalidated)
npm http fetch GET 200 https://registry.npmjs.org/pify 339ms (cache revalidated)
npm http fetch GET 200 https://registry.npmjs.org/combined-stream 349ms (cache revalidated)
npm http fetch GET 200 https://registry.npmjs.org/@types%2fyauzl 339ms (cache revalidated)
npm http fetch GET 200 https://registry.npmjs.org/at-least-node 351ms (cache revalidated)
npm http fetch GET 200 https://registry.npmjs.org/global-dirs 353ms (cache revalidated)
npm http fetch GET 200 https://registry.npmjs.org/forever-agent 368ms (cache revalidated)
npm http fetch GET 200 https://registry.npmjs.org/jsonfile 374ms (cache revalidated)
npm http fetch GET 200 https://registry.npmjs.org/p-map 403ms (cache revalidated)
npm http fetch GET 200 https://registry.npmjs.org/rxjs 416ms (cache revalidated)
npm http fetch GET 200 https://registry.npmjs.org/rfdc 421ms (cache revalidated)
npm http fetch GET 200 https://registry.npmjs.org/get-stream 427ms (cache revalidated)
npm http fetch GET 200 https://registry.npmjs.org/safe-buffer 437ms (cache revalidated)
npm http fetch GET 200 https://registry.npmjs.org/is-path-inside 428ms (cache revalidated)
npm http fetch GET 200 https://registry.npmjs.org/cli-truncate 426ms (cache revalidated)
npm http fetch GET 200 https://registry.npmjs.org/colorette 428ms (cache revalidated)
npm http fetch GET 200 https://registry.npmjs.org/tunnel-agent 440ms (cache revalidated)
npm http fetch GET 200 https://registry.npmjs.org/through 430ms (cache revalidated)
npm http fetch GET 200 https://registry.npmjs.org/throttleit 442ms (cache revalidated)
npm http fetch GET 200 https://registry.npmjs.org/fd-slicer 445ms (cache revalidated)
npm http fetch GET 200 https://registry.npmjs.org/wrap-ansi 450ms (cache revalidated)
npm http fetch GET 200 https://registry.npmjs.org/async 466ms (cache revalidated)
npm http fetch GET 200 https://registry.npmjs.org/mime-types 501ms (cache revalidated)
npm http fetch GET 200 https://registry.npmjs.org/log-update 504ms (cache revalidated)
npm http fetch GET 200 https://registry.npmjs.org/has-flag 517ms (cache revalidated)
npm http fetch GET 200 https://registry.npmjs.org/buffer-crc32 523ms (cache revalidated)
npm http fetch GET 200 https://registry.npmjs.org/is-unicode-supported 536ms (cache revalidated)
npm timing idealTree:node_modules/cypress Completed in 577ms
npm http fetch GET 200 https://registry.npmjs.org/assert-plus 100ms (cache revalidated)
npm http fetch GET 200 https://registry.npmjs.org/asynckit 101ms (cache revalidated)
npm http fetch GET 200 https://registry.npmjs.org/delayed-stream 103ms (cache revalidated)
npm http fetch GET 200 https://registry.npmjs.org/psl 105ms (cache revalidated)
npm http fetch GET 200 https://registry.npmjs.org/jsprim 111ms (cache revalidated)
npm http fetch GET 200 https://registry.npmjs.org/side-channel 113ms (cache revalidated)
npm http fetch GET 200 https://registry.npmjs.org/sshpk 113ms (cache revalidated)
npm http fetch GET 200 https://registry.npmjs.org/punycode 114ms (cache revalidated)
npm http fetch GET 200 https://registry.npmjs.org/mime-db 118ms (cache revalidated)
npm http fetch GET 200 https://registry.npmjs.org/url-parse 123ms (cache revalidated)
npm timing idealTree:node_modules/@cypress/request Completed in 130ms
npm timing idealTree:node_modules/@cypress/xvfb Completed in 1ms
npm timing idealTree:node_modules/@types/sinonjs__fake-timers Completed in 0ms
npm timing idealTree:node_modules/@types/sizzle Completed in 0ms
npm timing idealTree:node_modules/arch Completed in 0ms
npm timing idealTree:node_modules/aws-sign2 Completed in 0ms
npm timing idealTree:node_modules/aws4 Completed in 0ms
npm timing idealTree:node_modules/blob-util Completed in 0ms
npm timing idealTree:node_modules/bluebird Completed in 0ms
npm timing idealTree:node_modules/buffer Completed in 0ms
npm timing idealTree:node_modules/base64-js Completed in 0ms
npm timing idealTree:node_modules/cachedir Completed in 0ms
npm timing idealTree:node_modules/caseless Completed in 0ms
npm http fetch GET 200 https://registry.npmjs.org/color-convert 128ms (cache revalidated)
npm timing idealTree:node_modules/chalk Completed in 129ms
npm http fetch GET 200 https://registry.npmjs.org/color-name 114ms (cache revalidated)
npm timing idealTree:node_modules/ansi-styles Completed in 115ms
npm timing idealTree:node_modules/check-more-types Completed in 0ms
npm timing idealTree:node_modules/cli-cursor Completed in 0ms
npm http fetch GET 200 https://registry.npmjs.org/is-fullwidth-code-point 97ms (cache revalidated)
npm http fetch GET 200 https://registry.npmjs.org/emoji-regex 143ms (cache revalidated)
npm timing idealTree:node_modules/cli-table3 Completed in 144ms
npm timing idealTree:node_modules/@colors/colors Completed in 0ms
npm timing idealTree:node_modules/color-convert Completed in 1ms
npm timing idealTree:node_modules/color-name Completed in 0ms
npm timing idealTree:node_modules/combined-stream Completed in 0ms
npm timing idealTree:node_modules/commander Completed in 0ms
npm timing idealTree:node_modules/common-tags Completed in 0ms
npm timing idealTree:node_modules/dayjs Completed in 0ms
npm timing idealTree:node_modules/debug Completed in 1ms
npm timing idealTree:node_modules/delayed-stream Completed in 0ms
npm http fetch GET 200 https://registry.npmjs.org/ansi-regex 137ms (cache revalidated)
npm timing idealTree:node_modules/enquirer Completed in 140ms
npm timing idealTree:node_modules/ansi-colors Completed in 0ms
npm timing idealTree:node_modules/eventemitter2 Completed in 0ms
npm http fetch GET 200 https://registry.npmjs.org/shebang-command 104ms (cache revalidated)
npm http fetch GET 200 https://registry.npmjs.org/pump 120ms (cache revalidated)
npm http fetch GET 200 https://registry.npmjs.org/which 121ms (cache revalidated)
npm http fetch GET 200 https://registry.npmjs.org/mimic-fn 123ms (cache revalidated)
npm http fetch GET 200 https://registry.npmjs.org/path-key 125ms (cache revalidated)
npm http fetch GET 200 https://registry.npmjs.org/path-key 155ms (cache revalidated)
npm timing idealTree:node_modules/execa Completed in 158ms
npm http fetch GET 200 https://registry.npmjs.org/isexe 121ms (cache revalidated)
npm http fetch GET 200 https://registry.npmjs.org/shebang-regex 123ms (cache revalidated)
npm timing idealTree:node_modules/cross-spawn Completed in 124ms
npm timing idealTree:node_modules/executable Completed in 1ms
npm timing idealTree:node_modules/extend Completed in 0ms
npm http fetch GET 200 https://registry.npmjs.org/@types%2fnode 151ms (cache revalidated)
npm timing idealTree:node_modules/extract-zip Completed in 156ms
npm http fetch GET 200 https://registry.npmjs.org/undici-types 122ms (cache revalidated)
npm timing idealTree:node_modules/@types/yauzl Completed in 123ms
npm timing idealTree:node_modules/@types/node Completed in 1ms
npm timing idealTree:node_modules/figures Completed in 0ms
npm timing idealTree:node_modules/escape-string-regexp Completed in 0ms
npm timing idealTree:node_modules/forever-agent Completed in 0ms
npm timing idealTree:node_modules/form-data Completed in 1ms
npm timing idealTree:node_modules/asynckit Completed in 0ms
npm timing idealTree:node_modules/fs-extra Completed in 1ms
npm timing idealTree:node_modules/at-least-node Completed in 0ms
npm http fetch GET 200 https://registry.npmjs.org/once 98ms (cache revalidated)
npm http fetch GET 200 https://registry.npmjs.org/end-of-stream 147ms (cache revalidated)
npm timing idealTree:node_modules/get-stream Completed in 148ms
npm timing idealTree:node_modules/getos Completed in 0ms
npm timing idealTree:node_modules/async Completed in 0ms
npm timing idealTree:node_modules/graceful-fs Completed in 0ms
npm http fetch GET 200 https://registry.npmjs.org/bcrypt-pbkdf 113ms (cache revalidated)
npm http fetch GET 200 https://registry.npmjs.org/jsbn 115ms (cache revalidated)
npm http fetch GET 200 https://registry.npmjs.org/getpass 115ms (cache revalidated)
npm http fetch GET 200 https://registry.npmjs.org/json-schema 117ms (cache revalidated)
npm http fetch GET 200 https://registry.npmjs.org/dashdash 117ms (cache revalidated)
npm http fetch GET 200 https://registry.npmjs.org/safer-buffer 117ms (cache revalidated)
npm http fetch GET 200 https://registry.npmjs.org/ecc-jsbn 119ms (cache revalidated)
npm http fetch GET 200 https://registry.npmjs.org/extsprintf 123ms (cache revalidated)
npm http fetch GET 200 https://registry.npmjs.org/asn1 139ms (cache revalidated)
npm http fetch GET 200 https://registry.npmjs.org/tweetnacl 160ms (cache revalidated)
npm http fetch GET 200 https://registry.npmjs.org/verror 187ms (cache revalidated)
npm timing idealTree:node_modules/http-signature Completed in 188ms
npm timing idealTree:node_modules/assert-plus Completed in 0ms
npm timing idealTree:node_modules/human-signals Completed in 0ms
npm timing idealTree:node_modules/ieee754 Completed in 0ms
npm timing idealTree:node_modules/is-ci Completed in 1ms
npm timing idealTree:node_modules/ci-info Completed in 0ms
npm http fetch GET 200 https://registry.npmjs.org/ini 150ms (cache revalidated)
npm timing idealTree:node_modules/is-installed-globally Completed in 150ms
npm timing idealTree:node_modules/global-dirs Completed in 1ms
npm timing idealTree:node_modules/ini Completed in 0ms
npm timing idealTree:node_modules/is-path-inside Completed in 0ms
npm timing idealTree:node_modules/is-stream Completed in 0ms
npm timing idealTree:node_modules/is-typedarray Completed in 0ms
npm timing idealTree:node_modules/isstream Completed in 0ms
npm timing idealTree:node_modules/json-stringify-safe Completed in 0ms
npm timing idealTree:node_modules/jsonfile Completed in 0ms
npm http fetch GET 200 https://registry.npmjs.org/core-util-is 105ms (cache revalidated)
npm timing idealTree:node_modules/jsprim Completed in 106ms
npm timing idealTree:node_modules/extsprintf Completed in 0ms
npm timing idealTree:node_modules/json-schema Completed in 0ms
npm timing idealTree:node_modules/lazy-ass Completed in 0ms
npm http fetch GET 200 https://registry.npmjs.org/slice-ansi 94ms (cache revalidated)
npm http fetch GET 200 https://registry.npmjs.org/aggregate-error 111ms (cache revalidated)
npm http fetch GET 200 https://registry.npmjs.org/tslib 121ms (cache revalidated)
npm http fetch GET 200 https://registry.npmjs.org/ansi-escapes 124ms (cache revalidated)
npm http fetch GET 200 https://registry.npmjs.org/slice-ansi 136ms (cache revalidated)
npm timing idealTree:node_modules/listr2 Completed in 138ms
npm http fetch GET 200 https://registry.npmjs.org/astral-regex 159ms (cache revalidated)
npm timing idealTree:node_modules/cli-truncate Completed in 160ms
npm timing idealTree:node_modules/colorette Completed in 0ms
npm timing idealTree:node_modules/lodash Completed in 0ms
npm timing idealTree:node_modules/lodash.once Completed in 0ms
npm timing idealTree:node_modules/log-symbols Completed in 1ms
npm timing idealTree:node_modules/is-unicode-supported Completed in 0ms
npm http fetch GET 200 https://registry.npmjs.org/type-fest 122ms (cache revalidated)
npm timing idealTree:node_modules/log-update Completed in 124ms
npm timing idealTree:node_modules/ansi-escapes Completed in 0ms
npm timing idealTree:node_modules/merge-stream Completed in 0ms
npm timing idealTree:node_modules/mime-types Completed in 0ms
npm timing idealTree:node_modules/mime-db Completed in 0ms
npm timing idealTree:node_modules/minimist Completed in 0ms
npm timing idealTree:node_modules/ms Completed in 0ms
npm timing idealTree:node_modules/npm-run-path Completed in 0ms
npm timing idealTree:node_modules/onetime Completed in 0ms
npm timing idealTree:node_modules/mimic-fn Completed in 0ms
npm timing idealTree:node_modules/ospath Completed in 0ms
npm http fetch GET 200 https://registry.npmjs.org/indent-string 92ms (cache revalidated)
npm http fetch GET 200 https://registry.npmjs.org/clean-stack 96ms (cache revalidated)
npm timing idealTree:node_modules/p-map Completed in 96ms
npm timing idealTree:node_modules/aggregate-error Completed in 1ms
npm timing idealTree:node_modules/clean-stack Completed in 0ms
npm timing idealTree:node_modules/indent-string Completed in 0ms
npm timing idealTree:node_modules/path-key Completed in 0ms
npm timing idealTree:node_modules/performance-now Completed in 0ms
npm timing idealTree:node_modules/pify Completed in 0ms
npm timing idealTree:node_modules/pretty-bytes Completed in 0ms
npm timing idealTree:node_modules/process Completed in 0ms
npm timing idealTree:node_modules/proxy-from-env Completed in 0ms
npm http fetch GET 200 https://registry.npmjs.org/wrappy 91ms (cache revalidated)
npm timing idealTree:node_modules/pump Completed in 93ms
npm timing idealTree:node_modules/end-of-stream Completed in 0ms
npm timing idealTree:node_modules/once Completed in 0ms
npm http fetch GET 200 https://registry.npmjs.org/es-errors 91ms (cache revalidated)
npm http fetch GET 200 https://registry.npmjs.org/object-inspect 95ms (cache revalidated)
npm http fetch GET 200 https://registry.npmjs.org/call-bind 115ms (cache revalidated)
npm http fetch GET 200 https://registry.npmjs.org/get-intrinsic 151ms (cache revalidated)
npm timing idealTree:node_modules/qs Completed in 153ms
npm timing idealTree:node_modules/request-progress Completed in 0ms
npm timing idealTree:node_modules/restore-cursor Completed in 0ms
npm timing idealTree:node_modules/rfdc Completed in 0ms
npm timing idealTree:node_modules/rxjs Completed in 0ms
npm timing idealTree:node_modules/safe-buffer Completed in 0ms
npm timing idealTree:node_modules/semver Completed in 0ms
npm timing idealTree:node_modules/shebang-command Completed in 0ms
npm timing idealTree:node_modules/shebang-regex Completed in 0ms
npm http fetch GET 200 https://registry.npmjs.org/has-symbols 95ms (cache revalidated)
npm http fetch GET 200 https://registry.npmjs.org/set-function-length 98ms (cache revalidated)
npm http fetch GET 200 https://registry.npmjs.org/has-proto 103ms (cache revalidated)
npm http fetch GET 200 https://registry.npmjs.org/function-bind 112ms (cache revalidated)
npm http fetch GET 200 https://registry.npmjs.org/es-define-property 133ms (cache revalidated)
npm http fetch GET 200 https://registry.npmjs.org/hasown 145ms (cache revalidated)
npm timing idealTree:node_modules/side-channel Completed in 148ms
npm http fetch GET 200 https://registry.npmjs.org/define-data-property 98ms (cache revalidated)
npm http fetch GET 200 https://registry.npmjs.org/has-property-descriptors 121ms (cache revalidated)
npm http fetch GET 200 https://registry.npmjs.org/gopd 156ms (cache revalidated)
npm timing idealTree:node_modules/call-bind Completed in 157ms
npm timing idealTree:node_modules/es-define-property Completed in 0ms
npm timing idealTree:node_modules/es-errors Completed in 0ms
npm timing idealTree:node_modules/function-bind Completed in 0ms
npm timing idealTree:node_modules/get-intrinsic Completed in 1ms
npm timing idealTree:node_modules/has-proto Completed in 0ms
npm timing idealTree:node_modules/has-symbols Completed in 0ms
npm timing idealTree:node_modules/hasown Completed in 0ms
npm timing idealTree:node_modules/object-inspect Completed in 0ms
npm timing idealTree:node_modules/set-function-length Completed in 1ms
npm timing idealTree:node_modules/define-data-property Completed in 0ms
npm timing idealTree:node_modules/gopd Completed in 0ms
npm timing idealTree:node_modules/has-property-descriptors Completed in 0ms
npm timing idealTree:node_modules/signal-exit Completed in 0ms
npm timing idealTree:node_modules/slice-ansi Completed in 1ms
npm timing idealTree:node_modules/astral-regex Completed in 0ms
npm timing idealTree:node_modules/is-fullwidth-code-point Completed in 0ms
npm timing idealTree:node_modules/sshpk Completed in 1ms
npm timing idealTree:node_modules/asn1 Completed in 0ms
npm timing idealTree:node_modules/bcrypt-pbkdf Completed in 0ms
npm timing idealTree:node_modules/dashdash Completed in 0ms
npm timing idealTree:node_modules/ecc-jsbn Completed in 0ms
npm timing idealTree:node_modules/getpass Completed in 0ms
npm timing idealTree:node_modules/jsbn Completed in 0ms
npm timing idealTree:node_modules/safer-buffer Completed in 0ms
npm timing idealTree:node_modules/string-width Completed in 0ms
npm timing idealTree:node_modules/emoji-regex Completed in 0ms
npm timing idealTree:node_modules/strip-ansi Completed in 0ms
npm timing idealTree:node_modules/ansi-regex Completed in 0ms
npm timing idealTree:node_modules/strip-final-newline Completed in 0ms
npm timing idealTree:node_modules/supports-color Completed in 0ms
npm timing idealTree:node_modules/has-flag Completed in 0ms
npm timing idealTree:node_modules/throttleit Completed in 0ms
npm timing idealTree:node_modules/through Completed in 0ms
npm timing idealTree:node_modules/tmp Completed in 0ms
npm http fetch GET 200 https://registry.npmjs.org/querystringify 111ms (cache revalidated)
npm http fetch GET 200 https://registry.npmjs.org/requires-port 135ms (cache revalidated)
npm timing idealTree:node_modules/tough-cookie Completed in 136ms
npm timing idealTree:node_modules/psl Completed in 0ms
npm timing idealTree:node_modules/punycode Completed in 0ms
npm timing idealTree:node_modules/tslib Completed in 0ms
npm timing idealTree:node_modules/tunnel-agent Completed in 0ms
npm timing idealTree:node_modules/tweetnacl Completed in 0ms
npm timing idealTree:node_modules/type-fest Completed in 0ms
npm timing idealTree:node_modules/undici-types Completed in 0ms
npm timing idealTree:node_modules/universalify Completed in 0ms
npm timing idealTree:node_modules/untildify Completed in 0ms
npm timing idealTree:node_modules/url-parse Completed in 1ms
npm timing idealTree:node_modules/querystringify Completed in 0ms
npm timing idealTree:node_modules/requires-port Completed in 0ms
npm timing idealTree:node_modules/uuid Completed in 0ms
npm timing idealTree:node_modules/verror Completed in 0ms
npm timing idealTree:node_modules/core-util-is Completed in 0ms
npm timing idealTree:node_modules/which Completed in 1ms
npm timing idealTree:node_modules/isexe Completed in 0ms
npm timing idealTree:node_modules/wrap-ansi Completed in 0ms
npm timing idealTree:node_modules/wrappy Completed in 0ms
npm http fetch GET 200 https://registry.npmjs.org/pend 142ms (cache revalidated)
npm timing idealTree:node_modules/yauzl Completed in 143ms
npm timing idealTree:node_modules/buffer-crc32 Completed in 0ms
npm timing idealTree:node_modules/fd-slicer Completed in 1ms
npm timing idealTree:node_modules/pend Completed in 0ms
npm timing idealTree:node_modules/@cypress/xvfb/node_modules/debug Completed in 0ms
npm timing idealTree:node_modules/chalk/node_modules/supports-color Completed in 0ms
npm timing idealTree:node_modules/log-update/node_modules/slice-ansi Completed in 0ms
npm timing idealTree:node_modules/log-update/node_modules/wrap-ansi Completed in 0ms
npm timing idealTree:node_modules/tough-cookie/node_modules/universalify Completed in 0ms
npm timing idealTree:buildDeps Completed in 4659ms
npm timing idealTree:fixDepFlags Completed in 1ms
npm timing idealTree Completed in 4669ms
npm timing reify:loadTrees Completed in 4670ms
npm timing reify:diffTrees Completed in 3ms
npm timing reify:retireShallow Completed in 1ms
npm timing reify:createSparse Completed in 17ms
npm timing reify:loadBundles Completed in 0ms
npm timing reifyNode:node_modules/buffer-crc32 Completed in 220ms
npm timing reifyNode:node_modules/querystringify Completed in 220ms
npm timing reifyNode:node_modules/wrappy Completed in 221ms
npm timing reifyNode:node_modules/end-of-stream Completed in 222ms
npm timing reifyNode:node_modules/once Completed in 222ms
npm timing reifyNode:node_modules/wrap-ansi Completed in 223ms
npm timing reifyNode:node_modules/slice-ansi Completed in 223ms
npm timing reifyNode:node_modules/ini Completed in 223ms
npm timing reifyNode:node_modules/escape-string-regexp Completed in 223ms
npm timing reifyNode:node_modules/at-least-node Completed in 224ms
npm timing reifyNode:node_modules/universalify Completed in 225ms
npm timing reifyNode:node_modules/@types/yauzl Completed in 226ms
npm timing reifyNode:node_modules/pify Completed in 227ms
npm timing reifyNode:node_modules/shebang-command Completed in 229ms
npm timing reifyNode:node_modules/strip-final-newline Completed in 229ms
npm timing reifyNode:node_modules/merge-stream Completed in 229ms
npm timing reifyNode:node_modules/ms Completed in 230ms
npm timing reifyNode:node_modules/lodash.once Completed in 229ms
npm timing reifyNode:node_modules/color-name Completed in 229ms
npm timing reifyNode:node_modules/executable Completed in 230ms
npm timing reifyNode:node_modules/@types/sinonjs__fake-timers Completed in 231ms
npm timing reifyNode:node_modules/@cypress/xvfb Completed in 232ms
npm timing reifyNode:node_modules/@types/sizzle Completed in 232ms
npm timing reifyNode:node_modules/pend Completed in 235ms
npm timing reifyNode:node_modules/log-update/node_modules/wrap-ansi Completed in 234ms
npm timing reifyNode:node_modules/ansi-regex Completed in 235ms
npm http fetch POST 200 https://registry.npmjs.org/-/npm/v1/security/advisories/bulk 239ms
npm timing auditReport:getReport Completed in 241ms
npm timing auditReport:init Completed in 0ms
npm timing reify:audit Completed in 242ms
npm timing reifyNode:node_modules/is-fullwidth-code-point Completed in 236ms
npm timing reifyNode:node_modules/has-flag Completed in 236ms
npm timing reifyNode:node_modules/astral-regex Completed in 237ms
npm timing reifyNode:node_modules/log-update/node_modules/slice-ansi Completed in 236ms
npm timing reifyNode:node_modules/shebang-regex Completed in 237ms
npm timing reifyNode:node_modules/mimic-fn Completed in 237ms
npm timing reifyNode:node_modules/aggregate-error Completed in 237ms
npm timing reifyNode:node_modules/indent-string Completed in 237ms
npm timing reifyNode:node_modules/clean-stack Completed in 237ms
npm timing reifyNode:node_modules/log-update Completed in 237ms
npm timing reifyNode:node_modules/is-unicode-supported Completed in 237ms
npm timing reifyNode:node_modules/cli-truncate Completed in 238ms
npm timing reifyNode:node_modules/tough-cookie/node_modules/universalify Completed in 237ms
npm timing reifyNode:node_modules/global-dirs Completed in 238ms
npm timing reifyNode:node_modules/is-path-inside Completed in 238ms
npm timing reifyNode:node_modules/p-map Completed in 238ms
npm timing reifyNode:node_modules/assert-plus Completed in 238ms
npm timing reifyNode:node_modules/path-key Completed in 239ms
npm timing reifyNode:node_modules/signal-exit Completed in 239ms
npm timing reifyNode:node_modules/is-stream Completed in 239ms
npm timing reifyNode:node_modules/strip-ansi Completed in 239ms
npm timing reifyNode:node_modules/restore-cursor Completed in 238ms
npm timing reifyNode:node_modules/npm-run-path Completed in 239ms
npm timing reifyNode:node_modules/onetime Completed in 239ms
npm timing reifyNode:node_modules/string-width Completed in 238ms
npm timing reifyNode:node_modules/is-typedarray Completed in 238ms
npm timing reifyNode:node_modules/ieee754 Completed in 238ms
npm timing reifyNode:node_modules/tunnel-agent Completed in 239ms
npm timing reifyNode:node_modules/caseless Completed in 239ms
npm timing reifyNode:node_modules/forever-agent Completed in 239ms
npm timing reifyNode:node_modules/aws-sign2 Completed in 239ms
npm timing reifyNode:node_modules/untildify Completed in 240ms
npm timing reifyNode:node_modules/pretty-bytes Completed in 240ms
npm timing reifyNode:node_modules/supports-color Completed in 240ms
npm timing reifyNode:node_modules/ospath Completed in 240ms
npm timing reifyNode:node_modules/is-installed-globally Completed in 240ms
npm timing reifyNode:node_modules/figures Completed in 240ms
npm timing reifyNode:node_modules/cli-cursor Completed in 241ms
npm timing reifyNode:node_modules/chalk/node_modules/supports-color Completed in 242ms
npm timing reifyNode:node_modules/ansi-escapes Completed in 243ms
npm timing reifyNode:node_modules/base64-js Completed in 243ms
npm timing reifyNode:node_modules/ansi-styles Completed in 244ms
npm timing reifyNode:node_modules/combined-stream Completed in 246ms
npm timing reifyNode:node_modules/log-symbols Completed in 246ms
npm timing reifyNode:node_modules/is-ci Completed in 246ms
npm timing reifyNode:node_modules/extract-zip Completed in 246ms
npm timing reifyNode:node_modules/arch Completed in 247ms
npm timing reifyNode:node_modules/requires-port Completed in 249ms
npm timing reifyNode:node_modules/getpass Completed in 250ms
npm timing reifyNode:node_modules/graceful-fs Completed in 250ms
npm timing reifyNode:node_modules/which Completed in 252ms
npm timing reifyNode:node_modules/get-stream Completed in 252ms
npm timing reifyNode:node_modules/delayed-stream Completed in 252ms
npm timing reifyNode:node_modules/aws4 Completed in 252ms
npm timing reifyNode:node_modules/mime-types Completed in 252ms
npm timing reifyNode:node_modules/cachedir Completed in 253ms
npm timing reifyNode:node_modules/bcrypt-pbkdf Completed in 257ms
npm timing reifyNode:node_modules/colorette Completed in 257ms
npm timing reifyNode:node_modules/throttleit Completed in 258ms
npm timing reifyNode:node_modules/json-schema Completed in 258ms
npm timing reifyNode:node_modules/jsonfile Completed in 259ms
npm timing reifyNode:node_modules/safe-buffer Completed in 259ms
npm timing reifyNode:node_modules/yauzl Completed in 259ms
npm timing reifyNode:node_modules/core-util-is Completed in 261ms
npm timing reifyNode:node_modules/punycode Completed in 262ms
npm timing reifyNode:node_modules/ci-info Completed in 263ms
npm timing reifyNode:node_modules/ansi-colors Completed in 263ms
npm timing reifyNode:node_modules/color-convert Completed in 263ms
npm timing reifyNode:node_modules/lazy-ass Completed in 263ms
npm timing reifyNode:node_modules/debug Completed in 264ms
npm timing reifyNode:node_modules/process Completed in 264ms
npm timing reifyNode:node_modules/isexe Completed in 266ms
npm timing reifyNode:node_modules/safer-buffer Completed in 267ms
npm timing reifyNode:node_modules/gopd Completed in 268ms
npm timing reifyNode:node_modules/pump Completed in 267ms
npm timing reifyNode:node_modules/isstream Completed in 267ms
npm timing reifyNode:node_modules/extend Completed in 267ms
npm timing reifyNode:node_modules/proxy-from-env Completed in 267ms
npm timing reifyNode:node_modules/jsprim Completed in 269ms
npm timing reifyNode:node_modules/request-progress Completed in 268ms
npm timing reifyNode:node_modules/jsbn Completed in 270ms
npm timing reifyNode:node_modules/hasown Completed in 271ms
npm timing reifyNode:node_modules/verror Completed in 271ms
npm timing reifyNode:node_modules/tmp Completed in 271ms
npm timing reifyNode:node_modules/chalk Completed in 271ms
npm timing reifyNode:node_modules/fd-slicer Completed in 274ms
npm timing reifyNode:node_modules/emoji-regex Completed in 274ms
npm timing reifyNode:node_modules/ecc-jsbn Completed in 274ms
npm timing reifyNode:node_modules/extsprintf Completed in 274ms
npm timing reifyNode:node_modules/cross-spawn Completed in 275ms
npm timing reifyNode:node_modules/form-data Completed in 274ms
npm timing reifyNode:node_modules/json-stringify-safe Completed in 274ms
npm timing reifyNode:node_modules/url-parse Completed in 277ms
npm timing reifyNode:node_modules/has-property-descriptors Completed in 277ms
npm timing reifyNode:node_modules/es-define-property Completed in 277ms
npm timing reifyNode:node_modules/http-signature Completed in 275ms
npm timing reifyNode:node_modules/buffer Completed in 277ms
npm timing reifyNode:node_modules/eventemitter2 Completed in 277ms
npm timing reifyNode:node_modules/asn1 Completed in 279ms
npm timing reifyNode:node_modules/@cypress/xvfb/node_modules/debug Completed in 278ms
npm timing reifyNode:node_modules/has-proto Completed in 280ms
npm timing reifyNode:node_modules/call-bind Completed in 280ms
npm timing reifyNode:node_modules/through Completed in 279ms
npm timing reifyNode:node_modules/rfdc Completed in 279ms
npm timing reifyNode:node_modules/check-more-types Completed in 279ms
npm timing reifyNode:node_modules/dashdash Completed in 281ms
npm timing reifyNode:node_modules/get-intrinsic Completed in 281ms
npm timing reifyNode:node_modules/set-function-length Completed in 283ms
npm timing reifyNode:node_modules/cli-table3 Completed in 282ms
npm timing reifyNode:node_modules/blob-util Completed in 283ms
npm timing reifyNode:node_modules/commander Completed in 284ms
npm timing reifyNode:node_modules/define-data-property Completed in 287ms
npm timing reifyNode:node_modules/side-channel Completed in 286ms
npm timing reifyNode:node_modules/execa Completed in 287ms
npm timing reifyNode:node_modules/function-bind Completed in 289ms
npm timing reifyNode:node_modules/human-signals Completed in 289ms
npm timing reifyNode:node_modules/has-symbols Completed in 291ms
npm timing reifyNode:node_modules/mime-db Completed in 291ms
npm timing reifyNode:node_modules/asynckit Completed in 292ms
npm timing reifyNode:node_modules/performance-now Completed in 291ms
npm timing reifyNode:node_modules/tough-cookie Completed in 292ms
npm timing reifyNode:node_modules/tweetnacl Completed in 296ms
npm timing reifyNode:node_modules/tslib Completed in 296ms
npm timing reifyNode:node_modules/es-errors Completed in 297ms
npm timing reifyNode:node_modules/@cypress/request Completed in 302ms
npm timing reifyNode:node_modules/@colors/colors Completed in 307ms
npm timing reifyNode:node_modules/minimist Completed in 308ms
npm timing reifyNode:node_modules/psl Completed in 319ms
npm timing reifyNode:node_modules/object-inspect Completed in 323ms
npm timing reifyNode:node_modules/qs Completed in 322ms
npm timing reifyNode:node_modules/undici-types Completed in 330ms
npm timing reifyNode:node_modules/type-fest Completed in 336ms
npm timing reifyNode:node_modules/semver Completed in 341ms
npm timing reifyNode:node_modules/sshpk Completed in 344ms
npm timing reifyNode:node_modules/fs-extra Completed in 343ms
npm timing reifyNode:node_modules/enquirer Completed in 344ms
npm timing reifyNode:node_modules/getos Completed in 352ms
npm timing reifyNode:node_modules/uuid Completed in 358ms
npm timing reifyNode:node_modules/bluebird Completed in 361ms
npm timing reifyNode:node_modules/listr2 Completed in 361ms
npm timing reifyNode:node_modules/async Completed in 400ms
npm timing reifyNode:node_modules/common-tags Completed in 400ms
npm timing reifyNode:node_modules/@types/node Completed in 414ms
npm timing reifyNode:node_modules/dayjs Completed in 509ms
npm timing reifyNode:node_modules/lodash Completed in 619ms
npm timing reifyNode:node_modules/cypress Completed in 658ms
npm timing reifyNode:node_modules/rxjs Completed in 850ms
npm timing reify:unpack Completed in 851ms
npm timing reify:unretire Completed in 0ms
npm timing build:queue Completed in 3ms
npm timing build:link:node_modules/extract-zip Completed in 2ms
npm timing build:link:node_modules/cypress Completed in 2ms
npm timing build:link:node_modules/sshpk Completed in 2ms
npm timing build:link:node_modules/semver Completed in 2ms
npm timing build:link:node_modules/which Completed in 2ms
npm timing build:link:node_modules/is-ci Completed in 2ms
npm timing build:link:node_modules/uuid Completed in 2ms
npm timing build:link Completed in 2ms
npm info run cypress@13.15.0 postinstall node_modules/cypress node index.js --exec install
npm info run cypress@13.15.0 postinstall { code: 0, signal: null }
npm timing build:run:postinstall:node_modules/cypress Completed in 216ms
npm timing build:run:postinstall Completed in 216ms
npm timing build:deps Completed in 221ms
npm timing build Completed in 221ms
npm timing reify:build Completed in 222ms
npm timing reify:trash Completed in 0ms
npm timing reify:save Completed in 11ms
npm timing reify Completed in 5790ms

added 173 packages, and audited 174 packages in 6s

39 packages are looking for funding
  run `npm fund` for details

found 0 vulnerabilities
npm timing command:install Completed in 5796ms
npm verb exit 0
npm timing npm Completed in 5860ms
npm info ok 
